






Started logging.

<<<
Content-Length: 3303

{"jsonrpc":"2.0","id":0,"method":"initialize","params":{"processId":2577,"clientInfo":{"name":"vscode","version":"1.50.0"},"rootPath":"/var/folders/l5/z67pqhns5cn0vz66ch5549gm0000gn/T/.arduinoIDE-unsaved2021515-2384-66r15o.oonf/SIK_Circuit_5C-AutonomousRobot","rootUri":"file:///var/folders/l5/z67pqhns5cn0vz66ch5549gm0000gn/T/.arduinoIDE-unsaved2021515-2384-66r15o.oonf/SIK_Circuit_5C-AutonomousRobot","capabilities":{"workspace":{"applyEdit":true,"workspaceEdit":{"documentChanges":true,"resourceOperations":["create","rename","delete"],"failureHandling":"textOnlyTransactional"},"didChangeConfiguration":{"dynamicRegistration":true},"didChangeWatchedFiles":{"dynamicRegistration":true},"symbol":{"dynamicRegistration":true,"symbolKind":{"valueSet":[1,2,3,4,5,6,7,8,9,10,11,12,13,14,15,16,17,18,19,20,21,22,23,24,25,26]}},"executeCommand":{"dynamicRegistration":true},"configuration":true,"workspaceFolders":true},"textDocument":{"publishDiagnostics":{"relatedInformation":true,"versionSupport":false,"tagSupport":{"valueSet":[1,2]}},"synchronization":{"dynamicRegistration":true,"willSave":true,"willSaveWaitUntil":true,"didSave":true},"completion":{"dynamicRegistration":true,"contextSupport":true,"completionItem":{"snippetSupport":true,"commitCharactersSupport":true,"documentationFormat":["markdown","plaintext"],"deprecatedSupport":true,"preselectSupport":true,"tagSupport":{"valueSet":[1]}},"completionItemKind":{"valueSet":[1,2,3,4,5,6,7,8,9,10,11,12,13,14,15,16,17,18,19,20,21,22,23,24,25]}},"hover":{"dynamicRegistration":true,"contentFormat":["markdown","plaintext"]},"signatureHelp":{"dynamicRegistration":true,"signatureInformation":{"documentationFormat":["markdown","plaintext"],"parameterInformation":{"labelOffsetSupport":true}},"contextSupport":true},"definition":{"dynamicRegistration":true,"linkSupport":true},"references":{"dynamicRegistration":true},"documentHighlight":{"dynamicRegistration":true},"documentSymbol":{"dynamicRegistration":true,"symbolKind":{"valueSet":[1,2,3,4,5,6,7,8,9,10,11,12,13,14,15,16,17,18,19,20,21,22,23,24,25,26]},"hierarchicalDocumentSymbolSupport":true},"codeAction":{"dynamicRegistration":true,"isPreferredSupport":true,"codeActionLiteralSupport":{"codeActionKind":{"valueSet":["","quickfix","refactor","refactor.extract","refactor.inline","refactor.rewrite","source","source.organizeImports"]}}},"codeLens":{"dynamicRegistration":true},"formatting":{"dynamicRegistration":true},"rangeFormatting":{"dynamicRegistration":true},"onTypeFormatting":{"dynamicRegistration":true},"rename":{"dynamicRegistration":true,"prepareSupport":true},"documentLink":{"dynamicRegistration":true,"tooltipSupport":true},"typeDefinition":{"dynamicRegistration":true,"linkSupport":true},"implementation":{"dynamicRegistration":true,"linkSupport":true},"colorProvider":{"dynamicRegistration":true},"foldingRange":{"dynamicRegistration":true,"rangeLimit":5000,"lineFoldingOnly":true},"declaration":{"dynamicRegistration":true,"linkSupport":true},"selectionRange":{"dynamicRegistration":true}},"window":{"workDoneProgress":true}},"initializationOptions":{},"trace":"off","workspaceFolders":[{"uri":"file:///var/folders/l5/z67pqhns5cn0vz66ch5549gm0000gn/T/.arduinoIDE-unsaved2021515-2384-66r15o.oonf/SIK_Circuit_5C-AutonomousRobot","name":"SIK_Circuit_5C-AutonomousRobot"}]}}
>>>
Content-Length: 598

{"id":0,"result":{"capabilities":{"textDocumentSync":2,"hoverProvider":true,"completionProvider":{"triggerCharacters":[".","\u003e",":"]},"signatureHelpProvider":{"triggerCharacters":["(",","]},"definitionProvider":true,"documentHighlightProvider":true,"documentSymbolProvider":true,"workspaceSymbolProvider":true,"codeActionProvider":true,"documentFormattingProvider":true,"documentRangeFormattingProvider":true,"documentOnTypeFormattingProvider":{"firstTriggerCharacter":"\n"},"renameProvider":false,"executeCommandProvider":{"commands":["clangd.applyFix","clangd.applyTweak"]}}},"jsonrpc":"2.0"}
<<<
Content-Length: 52

{"jsonrpc":"2.0","method":"initialized","params":{}}Content-Length: 7340

{"jsonrpc":"2.0","method":"textDocument/didOpen","params":{"textDocument":{"uri":"file:///var/folders/l5/z67pqhns5cn0vz66ch5549gm0000gn/T/.arduinoIDE-unsaved2021515-2384-66r15o.oonf/SIK_Circuit_5C-AutonomousRobot/SIK_Circuit_5C-AutonomousRobot.ino","languageId":"cpp","version":1,"text":"/*\n  SparkFun Inventor’s Kit\n  Circuit 5C - Autonomous Robot\n\n  This robot will drive around on its own and react to obstacles by backing up and turning to a new direction.\n  This sketch was adapted from one of the activities in the SparkFun Guide to Arduino.\n  Check out the rest of the book at\n  https://www.sparkfun.com/products/14326\n\n  This sketch was written by SparkFun Electronics, with lots of help from the Arduino community.\n  This code is completely free for any use.\n\n  View circuit diagram and instructions at: https://learn.sparkfun.com/tutorials/sparkfun-inventors-kit-experiment-guide---v41\n  Download drawings and code at: https://github.com/sparkfun/SIK-Guide-Code\n*/\n\n\n\n//the right motor will be controlled by the motor A pins on the motor driver\nconst int AIN1 = 13;           //control pin 1 on the motor driver for the right motor\nconst int AIN2 = 12;            //control pin 2 on the motor driver for the right motor\nconst int PWMA = 11;            //speed control pin on the motor driver for the right motor\n\n//the left motor will be controlled by the motor B pins on the motor driver\nconst int PWMB = 10;           //speed control pin on the motor driver for the left motor\nconst int BIN2 = 9;           //control pin 2 on the motor driver for the left motor\nconst int BIN1 = 8;           //control pin 1 on the motor driver for the left motor\n\n\n//distance variables\nconst int trigPin = 6;\nconst int echoPin = 5;\n\nint switchPin = 7;             //switch to turn the robot on and off\n\nfloat distance = 0;            //variable to store the distance measured by the distance sensor\n\n//robot behaviour variables\nint backupTime = 300;           //amount of time that the robot will back up when it senses an object\nint turnTime = 200;             //amount that the robot will turn once it has backed up\n\n/********************************************************************************/\nvoid setup()\n{\n  pinMode(trigPin, OUTPUT);       //this pin will send ultrasonic pulses out from the distance sensor\n  pinMode(echoPin, INPUT);        //this pin will sense when the pulses reflect back to the distance sensor\n\n  pinMode(switchPin, INPUT_PULLUP);   //set this as a pullup to sense whether the switch is flipped\n\n\n  //set the motor control pins as outputs\n  pinMode(AIN1, OUTPUT);\n  pinMode(AIN2, OUTPUT);\n  pinMode(PWMA, OUTPUT);\n\n  pinMode(BIN1, OUTPUT);\n  pinMode(BIN2, OUTPUT);\n  pinMode(PWMB, OUTPUT);\n\n  Serial.begin(9600);                       //begin serial communication with the computer\n  Serial.print(\"To infinity and beyond!\");  //test the serial connection\n}\n\n/********************************************************************************/\nvoid loop()\n{\n  //DETECT THE DISTANCE READ BY THE DISTANCE SENSOR\n  distance = getDistance();\n\n  Serial.print(\"Distance: \");\n  Serial.print(distance);\n  Serial.println(\" in\");              // print the units\n\n  if (digitalRead(switchPin) == LOW) { //if the on switch is flipped\n\n    if (distance < 10) {              //if an object is detected\n      //back up and turn\n      Serial.print(\" \");\n      Serial.print(\"BACK!\");\n\n      //stop for a moment\n      rightMotor(0);\n      leftMotor(0);\n      delay(200);\n\n      //back up\n      rightMotor(-255);\n      leftMotor(-255);\n      delay(backupTime);\n\n      //turn away from obstacle\n      rightMotor(255);\n      leftMotor(-255);\n      delay(turnTime);\n\n    } else {                        //if no obstacle is detected drive forward\n      Serial.print(\" \");\n      Serial.print(\"Moving...\");\n\n\n      rightMotor(255);\n      leftMotor(255);\n    }\n  } else {                        //if the switch is off then stop\n\n    //stop the motors\n    rightMotor(0);\n    leftMotor(0);\n  }\n\n  delay(50);                      //wait 50 milliseconds between readings\n}\n\n/********************************************************************************/\nvoid rightMotor(int motorSpeed)                       //function for driving the right motor\n{\n  if (motorSpeed > 0)                                 //if the motor should drive forward (positive speed)\n  {\n    digitalWrite(AIN1, HIGH);                         //set pin 1 to high\n    digitalWrite(AIN2, LOW);                          //set pin 2 to low\n  }\n  else if (motorSpeed < 0)                            //if the motor should drive backward (negative speed)\n  {\n    digitalWrite(AIN1, LOW);                          //set pin 1 to low\n    digitalWrite(AIN2, HIGH);                         //set pin 2 to high\n  }\n  else                                                //if the motor should stop\n  {\n    digitalWrite(AIN1, LOW);                          //set pin 1 to low\n    digitalWrite(AIN2, LOW);                          //set pin 2 to low\n  }\n  analogWrite(PWMA, abs(motorSpeed));                 //now that the motor direction is set, drive it at the entered speed\n}\n\n/********************************************************************************/\nvoid leftMotor(int motorSpeed)                        //function for driving the left motor\n{\n  if (motorSpeed > 0)                                 //if the motor should drive forward (positive speed)\n  {\n    digitalWrite(BIN1, HIGH);                         //set pin 1 to high\n    digitalWrite(BIN2, LOW);                          //set pin 2 to low\n  }\n  else if (motorSpeed < 0)                            //if the motor should drive backward (negative speed)\n  {\n    digitalWrite(BIN1, LOW);                          //set pin 1 to low\n    digitalWrite(BIN2, HIGH);                         //set pin 2 to high\n  }\n  else                                                //if the motor should stop\n  {\n    digitalWrite(BIN1, LOW);                          //set pin 1 to low\n    digitalWrite(BIN2, LOW);                          //set pin 2 to low\n  }\n  analogWrite(PWMB, abs(motorSpeed));                 //now that the motor direction is set, drive it at the entered speed\n}\n\n/********************************************************************************/\n//RETURNS THE DISTANCE MEASURED BY THE HC-SR04 DISTANCE SENSOR\nfloat getDistance()\n{\n  float echoTime;                   //variable to store the time it takes for a ping to bounce off an object\n  float calculatedDistance;         //variable to store the distance calculated from the echo time\n\n  //send out an ultrasonic pulse that's 10ms long\n  digitalWrite(trigPin, HIGH);\n  delayMicroseconds(10);\n  digitalWrite(trigPin, LOW);\n\n  echoTime = pulseIn(echoPin, HIGH);      //use the pulsein command to see how long it takes for the\n                                          //pulse to bounce back to the sensor\n\n  calculatedDistance = echoTime / 148.0;  //calculate the distance of the object that reflected the pulse (half the bounce time multiplied by the speed of sound)\n\n  return calculatedDistance;              //send back the distance that was calculated\n}\n\n"}}}Content-Length: 364

{"jsonrpc":"2.0","id":1,"method":"textDocument/codeAction","params":{"textDocument":{"uri":"file:///var/folders/l5/z67pqhns5cn0vz66ch5549gm0000gn/T/.arduinoIDE-unsaved2021515-2384-66r15o.oonf/SIK_Circuit_5C-AutonomousRobot/SIK_Circuit_5C-AutonomousRobot.ino"},"range":{"start":{"line":0,"character":0},"end":{"line":0,"character":0}},"context":{"diagnostics":[]}}}Content-Length: 263

{"jsonrpc":"2.0","method":"textDocument/didSave","params":{"textDocument":{"uri":"file:///var/folders/l5/z67pqhns5cn0vz66ch5549gm0000gn/T/.arduinoIDE-unsaved2021515-2384-66r15o.oonf/SIK_Circuit_5C-AutonomousRobot/SIK_Circuit_5C-AutonomousRobot.ino","version":1}}}
>>>
Content-Length: 111

{"method":"window/workDoneProgress/create","params":{"token":"backgroundIndexProgress"},"id":0,"jsonrpc":"2.0"}Content-Length: 36

{"id":1,"result":[],"jsonrpc":"2.0"}
<<<
Content-Length: 38

{"jsonrpc":"2.0","id":0,"result":null}
>>>
Content-Length: 143

{"method":"$/progress","params":{"token":"backgroundIndexProgress","value":{"title":"indexing","percentage":0,"kind":"begin"}},"jsonrpc":"2.0"}Content-Length: 158

{"method":"$/progress","params":{"token":"backgroundIndexProgress","value":{"message":"2/27","percentage":7.407407407407407,"kind":"report"}},"jsonrpc":"2.0"}Content-Length: 158

{"method":"$/progress","params":{"token":"backgroundIndexProgress","value":{"message":"3/27","percentage":11.11111111111111,"kind":"report"}},"jsonrpc":"2.0"}Content-Length: 159

{"method":"$/progress","params":{"token":"backgroundIndexProgress","value":{"message":"4/27","percentage":14.814814814814815,"kind":"report"}},"jsonrpc":"2.0"}Content-Length: 158

{"method":"$/progress","params":{"token":"backgroundIndexProgress","value":{"message":"5/27","percentage":18.51851851851852,"kind":"report"}},"jsonrpc":"2.0"}Content-Length: 158

{"method":"$/progress","params":{"token":"backgroundIndexProgress","value":{"message":"6/27","percentage":22.22222222222222,"kind":"report"}},"jsonrpc":"2.0"}Content-Length: 159

{"method":"$/progress","params":{"token":"backgroundIndexProgress","value":{"message":"7/27","percentage":25.925925925925927,"kind":"report"}},"jsonrpc":"2.0"}Content-Length: 158

{"method":"$/progress","params":{"token":"backgroundIndexProgress","value":{"message":"8/27","percentage":29.62962962962963,"kind":"report"}},"jsonrpc":"2.0"}Content-Length: 159

{"method":"$/progress","params":{"token":"backgroundIndexProgress","value":{"message":"9/27","percentage":33.333333333333336,"kind":"report"}},"jsonrpc":"2.0"}Content-Length: 159

{"method":"$/progress","params":{"token":"backgroundIndexProgress","value":{"message":"10/27","percentage":37.03703703703704,"kind":"report"}},"jsonrpc":"2.0"}Content-Length: 159

{"method":"$/progress","params":{"token":"backgroundIndexProgress","value":{"message":"11/27","percentage":40.74074074074074,"kind":"report"}},"jsonrpc":"2.0"}Content-Length: 159

{"method":"$/progress","params":{"token":"backgroundIndexProgress","value":{"message":"12/27","percentage":44.44444444444444,"kind":"report"}},"jsonrpc":"2.0"}Content-Length: 160

{"method":"$/progress","params":{"token":"backgroundIndexProgress","value":{"message":"13/27","percentage":48.148148148148145,"kind":"report"}},"jsonrpc":"2.0"}Content-Length: 160

{"method":"$/progress","params":{"token":"backgroundIndexProgress","value":{"message":"14/27","percentage":51.851851851851855,"kind":"report"}},"jsonrpc":"2.0"}Content-Length: 160

{"method":"$/progress","params":{"token":"backgroundIndexProgress","value":{"message":"14/27","percentage":51.851851851851855,"kind":"report"}},"jsonrpc":"2.0"}Content-Length: 159

{"method":"$/progress","params":{"token":"backgroundIndexProgress","value":{"message":"15/27","percentage":55.55555555555556,"kind":"report"}},"jsonrpc":"2.0"}Content-Length: 159

{"method":"$/progress","params":{"token":"backgroundIndexProgress","value":{"message":"16/27","percentage":59.25925925925926,"kind":"report"}},"jsonrpc":"2.0"}Content-Length: 159

{"method":"$/progress","params":{"token":"backgroundIndexProgress","value":{"message":"16/27","percentage":59.25925925925926,"kind":"report"}},"jsonrpc":"2.0"}Content-Length: 159

{"method":"$/progress","params":{"token":"backgroundIndexProgress","value":{"message":"17/27","percentage":62.96296296296296,"kind":"report"}},"jsonrpc":"2.0"}Content-Length: 159

{"method":"$/progress","params":{"token":"backgroundIndexProgress","value":{"message":"18/27","percentage":66.66666666666667,"kind":"report"}},"jsonrpc":"2.0"}Content-Length: 159

{"method":"$/progress","params":{"token":"backgroundIndexProgress","value":{"message":"18/27","percentage":66.66666666666667,"kind":"report"}},"jsonrpc":"2.0"}Content-Length: 159

{"method":"$/progress","params":{"token":"backgroundIndexProgress","value":{"message":"19/27","percentage":70.37037037037037,"kind":"report"}},"jsonrpc":"2.0"}Content-Length: 159

{"method":"$/progress","params":{"token":"backgroundIndexProgress","value":{"message":"20/27","percentage":74.07407407407408,"kind":"report"}},"jsonrpc":"2.0"}Content-Length: 159

{"method":"$/progress","params":{"token":"backgroundIndexProgress","value":{"message":"21/27","percentage":77.77777777777777,"kind":"report"}},"jsonrpc":"2.0"}Content-Length: 159

{"method":"$/progress","params":{"token":"backgroundIndexProgress","value":{"message":"22/27","percentage":81.48148148148148,"kind":"report"}},"jsonrpc":"2.0"}Content-Length: 159

{"method":"$/progress","params":{"token":"backgroundIndexProgress","value":{"message":"23/27","percentage":85.18518518518519,"kind":"report"}},"jsonrpc":"2.0"}Content-Length: 159

{"method":"$/progress","params":{"token":"backgroundIndexProgress","value":{"message":"24/27","percentage":88.88888888888889,"kind":"report"}},"jsonrpc":"2.0"}Content-Length: 158

{"method":"$/progress","params":{"token":"backgroundIndexProgress","value":{"message":"25/27","percentage":92.5925925925926,"kind":"report"}},"jsonrpc":"2.0"}Content-Length: 159

{"method":"$/progress","params":{"token":"backgroundIndexProgress","value":{"message":"26/27","percentage":96.29629629629629,"kind":"report"}},"jsonrpc":"2.0"}Content-Length: 107

{"method":"$/progress","params":{"token":"backgroundIndexProgress","value":{"kind":"end"}},"jsonrpc":"2.0"}






Started logging.

<<<
Content-Length: 3132

{"jsonrpc":"2.0","id":0,"method":"initialize","params":{"processId":2701,"clientInfo":{"name":"vscode","version":"1.50.0"},"rootPath":"/Users/lalit/Desktop/Coding/Arduino/SIK_Circuit_5C-AutonomousRobot","rootUri":"file:///Users/lalit/Desktop/Coding/Arduino/SIK_Circuit_5C-AutonomousRobot","capabilities":{"workspace":{"applyEdit":true,"workspaceEdit":{"documentChanges":true,"resourceOperations":["create","rename","delete"],"failureHandling":"textOnlyTransactional"},"didChangeConfiguration":{"dynamicRegistration":true},"didChangeWatchedFiles":{"dynamicRegistration":true},"symbol":{"dynamicRegistration":true,"symbolKind":{"valueSet":[1,2,3,4,5,6,7,8,9,10,11,12,13,14,15,16,17,18,19,20,21,22,23,24,25,26]}},"executeCommand":{"dynamicRegistration":true},"configuration":true,"workspaceFolders":true},"textDocument":{"publishDiagnostics":{"relatedInformation":true,"versionSupport":false,"tagSupport":{"valueSet":[1,2]}},"synchronization":{"dynamicRegistration":true,"willSave":true,"willSaveWaitUntil":true,"didSave":true},"completion":{"dynamicRegistration":true,"contextSupport":true,"completionItem":{"snippetSupport":true,"commitCharactersSupport":true,"documentationFormat":["markdown","plaintext"],"deprecatedSupport":true,"preselectSupport":true,"tagSupport":{"valueSet":[1]}},"completionItemKind":{"valueSet":[1,2,3,4,5,6,7,8,9,10,11,12,13,14,15,16,17,18,19,20,21,22,23,24,25]}},"hover":{"dynamicRegistration":true,"contentFormat":["markdown","plaintext"]},"signatureHelp":{"dynamicRegistration":true,"signatureInformation":{"documentationFormat":["markdown","plaintext"],"parameterInformation":{"labelOffsetSupport":true}},"contextSupport":true},"definition":{"dynamicRegistration":true,"linkSupport":true},"references":{"dynamicRegistration":true},"documentHighlight":{"dynamicRegistration":true},"documentSymbol":{"dynamicRegistration":true,"symbolKind":{"valueSet":[1,2,3,4,5,6,7,8,9,10,11,12,13,14,15,16,17,18,19,20,21,22,23,24,25,26]},"hierarchicalDocumentSymbolSupport":true},"codeAction":{"dynamicRegistration":true,"isPreferredSupport":true,"codeActionLiteralSupport":{"codeActionKind":{"valueSet":["","quickfix","refactor","refactor.extract","refactor.inline","refactor.rewrite","source","source.organizeImports"]}}},"codeLens":{"dynamicRegistration":true},"formatting":{"dynamicRegistration":true},"rangeFormatting":{"dynamicRegistration":true},"onTypeFormatting":{"dynamicRegistration":true},"rename":{"dynamicRegistration":true,"prepareSupport":true},"documentLink":{"dynamicRegistration":true,"tooltipSupport":true},"typeDefinition":{"dynamicRegistration":true,"linkSupport":true},"implementation":{"dynamicRegistration":true,"linkSupport":true},"colorProvider":{"dynamicRegistration":true},"foldingRange":{"dynamicRegistration":true,"rangeLimit":5000,"lineFoldingOnly":true},"declaration":{"dynamicRegistration":true,"linkSupport":true},"selectionRange":{"dynamicRegistration":true}},"window":{"workDoneProgress":true}},"initializationOptions":{},"trace":"off","workspaceFolders":[{"uri":"file:///Users/lalit/Desktop/Coding/Arduino/SIK_Circuit_5C-AutonomousRobot","name":"SIK_Circuit_5C-AutonomousRobot"}]}}
>>>
Content-Length: 598

{"id":0,"result":{"capabilities":{"textDocumentSync":2,"hoverProvider":true,"completionProvider":{"triggerCharacters":[".","\u003e",":"]},"signatureHelpProvider":{"triggerCharacters":["(",","]},"definitionProvider":true,"documentHighlightProvider":true,"documentSymbolProvider":true,"workspaceSymbolProvider":true,"codeActionProvider":true,"documentFormattingProvider":true,"documentRangeFormattingProvider":true,"documentOnTypeFormattingProvider":{"firstTriggerCharacter":"\n"},"renameProvider":false,"executeCommandProvider":{"commands":["clangd.applyFix","clangd.applyTweak"]}}},"jsonrpc":"2.0"}
<<<
Content-Length: 52

{"jsonrpc":"2.0","method":"initialized","params":{}}Content-Length: 7283

{"jsonrpc":"2.0","method":"textDocument/didOpen","params":{"textDocument":{"uri":"file:///Users/lalit/Desktop/Coding/Arduino/SIK_Circuit_5C-AutonomousRobot/SIK_Circuit_5C-AutonomousRobot.ino","languageId":"cpp","version":1,"text":"/*\n  SparkFun Inventor’s Kit\n  Circuit 5C - Autonomous Robot\n\n  This robot will drive around on its own and react to obstacles by backing up and turning to a new direction.\n  This sketch was adapted from one of the activities in the SparkFun Guide to Arduino.\n  Check out the rest of the book at\n  https://www.sparkfun.com/products/14326\n\n  This sketch was written by SparkFun Electronics, with lots of help from the Arduino community.\n  This code is completely free for any use.\n\n  View circuit diagram and instructions at: https://learn.sparkfun.com/tutorials/sparkfun-inventors-kit-experiment-guide---v41\n  Download drawings and code at: https://github.com/sparkfun/SIK-Guide-Code\n*/\n\n\n\n//the right motor will be controlled by the motor A pins on the motor driver\nconst int AIN1 = 13;           //control pin 1 on the motor driver for the right motor\nconst int AIN2 = 12;            //control pin 2 on the motor driver for the right motor\nconst int PWMA = 11;            //speed control pin on the motor driver for the right motor\n\n//the left motor will be controlled by the motor B pins on the motor driver\nconst int PWMB = 10;           //speed control pin on the motor driver for the left motor\nconst int BIN2 = 9;           //control pin 2 on the motor driver for the left motor\nconst int BIN1 = 8;           //control pin 1 on the motor driver for the left motor\n\n\n//distance variables\nconst int trigPin = 6;\nconst int echoPin = 5;\n\nint switchPin = 7;             //switch to turn the robot on and off\n\nfloat distance = 0;            //variable to store the distance measured by the distance sensor\n\n//robot behaviour variables\nint backupTime = 300;           //amount of time that the robot will back up when it senses an object\nint turnTime = 200;             //amount that the robot will turn once it has backed up\n\n/********************************************************************************/\nvoid setup()\n{\n  pinMode(trigPin, OUTPUT);       //this pin will send ultrasonic pulses out from the distance sensor\n  pinMode(echoPin, INPUT);        //this pin will sense when the pulses reflect back to the distance sensor\n\n  pinMode(switchPin, INPUT_PULLUP);   //set this as a pullup to sense whether the switch is flipped\n\n\n  //set the motor control pins as outputs\n  pinMode(AIN1, OUTPUT);\n  pinMode(AIN2, OUTPUT);\n  pinMode(PWMA, OUTPUT);\n\n  pinMode(BIN1, OUTPUT);\n  pinMode(BIN2, OUTPUT);\n  pinMode(PWMB, OUTPUT);\n\n  Serial.begin(9600);                       //begin serial communication with the computer\n  Serial.print(\"To infinity and beyond!\");  //test the serial connection\n}\n\n/********************************************************************************/\nvoid loop()\n{\n  //DETECT THE DISTANCE READ BY THE DISTANCE SENSOR\n  distance = getDistance();\n\n  Serial.print(\"Distance: \");\n  Serial.print(distance);\n  Serial.println(\" in\");              // print the units\n\n  if (digitalRead(switchPin) == LOW) { //if the on switch is flipped\n\n    if (distance < 10) {              //if an object is detected\n      //back up and turn\n      Serial.print(\" \");\n      Serial.print(\"BACK!\");\n\n      //stop for a moment\n      rightMotor(0);\n      leftMotor(0);\n      delay(200);\n\n      //back up\n      rightMotor(-255);\n      leftMotor(-255);\n      delay(backupTime);\n\n      //turn away from obstacle\n      rightMotor(255);\n      leftMotor(-255);\n      delay(turnTime);\n\n    } else {                        //if no obstacle is detected drive forward\n      Serial.print(\" \");\n      Serial.print(\"Moving...\");\n\n\n      rightMotor(255);\n      leftMotor(255);\n    }\n  } else {                        //if the switch is off then stop\n\n    //stop the motors\n    rightMotor(0);\n    leftMotor(0);\n  }\n\n  delay(50);                      //wait 50 milliseconds between readings\n}\n\n/********************************************************************************/\nvoid rightMotor(int motorSpeed)                       //function for driving the right motor\n{\n  if (motorSpeed > 0)                                 //if the motor should drive forward (positive speed)\n  {\n    digitalWrite(AIN1, HIGH);                         //set pin 1 to high\n    digitalWrite(AIN2, LOW);                          //set pin 2 to low\n  }\n  else if (motorSpeed < 0)                            //if the motor should drive backward (negative speed)\n  {\n    digitalWrite(AIN1, LOW);                          //set pin 1 to low\n    digitalWrite(AIN2, HIGH);                         //set pin 2 to high\n  }\n  else                                                //if the motor should stop\n  {\n    digitalWrite(AIN1, LOW);                          //set pin 1 to low\n    digitalWrite(AIN2, LOW);                          //set pin 2 to low\n  }\n  analogWrite(PWMA, abs(motorSpeed));                 //now that the motor direction is set, drive it at the entered speed\n}\n\n/********************************************************************************/\nvoid leftMotor(int motorSpeed)                        //function for driving the left motor\n{\n  if (motorSpeed > 0)                                 //if the motor should drive forward (positive speed)\n  {\n    digitalWrite(BIN1, HIGH);                         //set pin 1 to high\n    digitalWrite(BIN2, LOW);                          //set pin 2 to low\n  }\n  else if (motorSpeed < 0)                            //if the motor should drive backward (negative speed)\n  {\n    digitalWrite(BIN1, LOW);                          //set pin 1 to low\n    digitalWrite(BIN2, HIGH);                         //set pin 2 to high\n  }\n  else                                                //if the motor should stop\n  {\n    digitalWrite(BIN1, LOW);                          //set pin 1 to low\n    digitalWrite(BIN2, LOW);                          //set pin 2 to low\n  }\n  analogWrite(PWMB, abs(motorSpeed));                 //now that the motor direction is set, drive it at the entered speed\n}\n\n/********************************************************************************/\n//RETURNS THE DISTANCE MEASURED BY THE HC-SR04 DISTANCE SENSOR\nfloat getDistance()\n{\n  float echoTime;                   //variable to store the time it takes for a ping to bounce off an object\n  float calculatedDistance;         //variable to store the distance calculated from the echo time\n\n  //send out an ultrasonic pulse that's 10ms long\n  digitalWrite(trigPin, HIGH);\n  delayMicroseconds(10);\n  digitalWrite(trigPin, LOW);\n\n  echoTime = pulseIn(echoPin, HIGH);      //use the pulsein command to see how long it takes for the\n                                          //pulse to bounce back to the sensor\n\n  calculatedDistance = echoTime / 148.0;  //calculate the distance of the object that reflected the pulse (half the bounce time multiplied by the speed of sound)\n\n  return calculatedDistance;              //send back the distance that was calculated\n}\n\n"}}}Content-Length: 307

{"jsonrpc":"2.0","id":1,"method":"textDocument/codeAction","params":{"textDocument":{"uri":"file:///Users/lalit/Desktop/Coding/Arduino/SIK_Circuit_5C-AutonomousRobot/SIK_Circuit_5C-AutonomousRobot.ino"},"range":{"start":{"line":0,"character":0},"end":{"line":0,"character":0}},"context":{"diagnostics":[]}}}
>>>
Content-Length: 111

{"method":"window/workDoneProgress/create","params":{"token":"backgroundIndexProgress"},"id":0,"jsonrpc":"2.0"}Content-Length: 36

{"id":1,"result":[],"jsonrpc":"2.0"}
<<<
Content-Length: 38

{"jsonrpc":"2.0","id":0,"result":null}
>>>
Content-Length: 143

{"method":"$/progress","params":{"token":"backgroundIndexProgress","value":{"title":"indexing","percentage":0,"kind":"begin"}},"jsonrpc":"2.0"}Content-Length: 158

{"method":"$/progress","params":{"token":"backgroundIndexProgress","value":{"message":"3/27","percentage":11.11111111111111,"kind":"report"}},"jsonrpc":"2.0"}Content-Length: 159

{"method":"$/progress","params":{"token":"backgroundIndexProgress","value":{"message":"4/27","percentage":14.814814814814815,"kind":"report"}},"jsonrpc":"2.0"}Content-Length: 159

{"method":"$/progress","params":{"token":"backgroundIndexProgress","value":{"message":"4/27","percentage":14.814814814814815,"kind":"report"}},"jsonrpc":"2.0"}Content-Length: 158

{"method":"$/progress","params":{"token":"backgroundIndexProgress","value":{"message":"5/27","percentage":18.51851851851852,"kind":"report"}},"jsonrpc":"2.0"}Content-Length: 158

{"method":"$/progress","params":{"token":"backgroundIndexProgress","value":{"message":"5/27","percentage":18.51851851851852,"kind":"report"}},"jsonrpc":"2.0"}Content-Length: 158

{"method":"$/progress","params":{"token":"backgroundIndexProgress","value":{"message":"6/27","percentage":22.22222222222222,"kind":"report"}},"jsonrpc":"2.0"}Content-Length: 158

{"method":"$/progress","params":{"token":"backgroundIndexProgress","value":{"message":"6/27","percentage":22.22222222222222,"kind":"report"}},"jsonrpc":"2.0"}Content-Length: 159

{"method":"$/progress","params":{"token":"backgroundIndexProgress","value":{"message":"7/27","percentage":25.925925925925927,"kind":"report"}},"jsonrpc":"2.0"}Content-Length: 159

{"method":"$/progress","params":{"token":"backgroundIndexProgress","value":{"message":"7/27","percentage":25.925925925925927,"kind":"report"}},"jsonrpc":"2.0"}Content-Length: 158

{"method":"$/progress","params":{"token":"backgroundIndexProgress","value":{"message":"8/27","percentage":29.62962962962963,"kind":"report"}},"jsonrpc":"2.0"}Content-Length: 158

{"method":"$/progress","params":{"token":"backgroundIndexProgress","value":{"message":"8/27","percentage":29.62962962962963,"kind":"report"}},"jsonrpc":"2.0"}Content-Length: 159

{"method":"$/progress","params":{"token":"backgroundIndexProgress","value":{"message":"9/27","percentage":33.333333333333336,"kind":"report"}},"jsonrpc":"2.0"}Content-Length: 159

{"method":"$/progress","params":{"token":"backgroundIndexProgress","value":{"message":"9/27","percentage":33.333333333333336,"kind":"report"}},"jsonrpc":"2.0"}Content-Length: 159

{"method":"$/progress","params":{"token":"backgroundIndexProgress","value":{"message":"10/27","percentage":37.03703703703704,"kind":"report"}},"jsonrpc":"2.0"}Content-Length: 159

{"method":"$/progress","params":{"token":"backgroundIndexProgress","value":{"message":"11/27","percentage":40.74074074074074,"kind":"report"}},"jsonrpc":"2.0"}Content-Length: 159

{"method":"$/progress","params":{"token":"backgroundIndexProgress","value":{"message":"12/27","percentage":44.44444444444444,"kind":"report"}},"jsonrpc":"2.0"}Content-Length: 159

{"method":"$/progress","params":{"token":"backgroundIndexProgress","value":{"message":"12/27","percentage":44.44444444444444,"kind":"report"}},"jsonrpc":"2.0"}Content-Length: 160

{"method":"$/progress","params":{"token":"backgroundIndexProgress","value":{"message":"13/27","percentage":48.148148148148145,"kind":"report"}},"jsonrpc":"2.0"}Content-Length: 160

{"method":"$/progress","params":{"token":"backgroundIndexProgress","value":{"message":"13/27","percentage":48.148148148148145,"kind":"report"}},"jsonrpc":"2.0"}Content-Length: 160

{"method":"$/progress","params":{"token":"backgroundIndexProgress","value":{"message":"14/27","percentage":51.851851851851855,"kind":"report"}},"jsonrpc":"2.0"}Content-Length: 159

{"method":"$/progress","params":{"token":"backgroundIndexProgress","value":{"message":"15/27","percentage":55.55555555555556,"kind":"report"}},"jsonrpc":"2.0"}Content-Length: 159

{"method":"$/progress","params":{"token":"backgroundIndexProgress","value":{"message":"15/27","percentage":55.55555555555556,"kind":"report"}},"jsonrpc":"2.0"}Content-Length: 159

{"method":"$/progress","params":{"token":"backgroundIndexProgress","value":{"message":"16/27","percentage":59.25925925925926,"kind":"report"}},"jsonrpc":"2.0"}Content-Length: 159

{"method":"$/progress","params":{"token":"backgroundIndexProgress","value":{"message":"17/27","percentage":62.96296296296296,"kind":"report"}},"jsonrpc":"2.0"}Content-Length: 159

{"method":"$/progress","params":{"token":"backgroundIndexProgress","value":{"message":"18/27","percentage":66.66666666666667,"kind":"report"}},"jsonrpc":"2.0"}Content-Length: 159

{"method":"$/progress","params":{"token":"backgroundIndexProgress","value":{"message":"18/27","percentage":66.66666666666667,"kind":"report"}},"jsonrpc":"2.0"}Content-Length: 159

{"method":"$/progress","params":{"token":"backgroundIndexProgress","value":{"message":"19/27","percentage":70.37037037037037,"kind":"report"}},"jsonrpc":"2.0"}Content-Length: 159

{"method":"$/progress","params":{"token":"backgroundIndexProgress","value":{"message":"19/27","percentage":70.37037037037037,"kind":"report"}},"jsonrpc":"2.0"}Content-Length: 159

{"method":"$/progress","params":{"token":"backgroundIndexProgress","value":{"message":"20/27","percentage":74.07407407407408,"kind":"report"}},"jsonrpc":"2.0"}Content-Length: 159

{"method":"$/progress","params":{"token":"backgroundIndexProgress","value":{"message":"21/27","percentage":77.77777777777777,"kind":"report"}},"jsonrpc":"2.0"}Content-Length: 159

{"method":"$/progress","params":{"token":"backgroundIndexProgress","value":{"message":"22/27","percentage":81.48148148148148,"kind":"report"}},"jsonrpc":"2.0"}Content-Length: 159

{"method":"$/progress","params":{"token":"backgroundIndexProgress","value":{"message":"23/27","percentage":85.18518518518519,"kind":"report"}},"jsonrpc":"2.0"}Content-Length: 159

{"method":"$/progress","params":{"token":"backgroundIndexProgress","value":{"message":"24/27","percentage":88.88888888888889,"kind":"report"}},"jsonrpc":"2.0"}Content-Length: 158

{"method":"$/progress","params":{"token":"backgroundIndexProgress","value":{"message":"25/27","percentage":92.5925925925926,"kind":"report"}},"jsonrpc":"2.0"}Content-Length: 159

{"method":"$/progress","params":{"token":"backgroundIndexProgress","value":{"message":"26/27","percentage":96.29629629629629,"kind":"report"}},"jsonrpc":"2.0"}Content-Length: 107

{"method":"$/progress","params":{"token":"backgroundIndexProgress","value":{"kind":"end"}},"jsonrpc":"2.0"}
<<<
Content-Length: 236

{"jsonrpc":"2.0","id":2,"method":"textDocument/hover","params":{"textDocument":{"uri":"file:///Users/lalit/Desktop/Coding/Arduino/SIK_Circuit_5C-AutonomousRobot/SIK_Circuit_5C-AutonomousRobot.ino"},"position":{"line":5,"character":73}}}
>>>
Content-Length: 38

{"id":2,"result":null,"jsonrpc":"2.0"}
<<<
Content-Length: 236

{"jsonrpc":"2.0","id":3,"method":"textDocument/hover","params":{"textDocument":{"uri":"file:///Users/lalit/Desktop/Coding/Arduino/SIK_Circuit_5C-AutonomousRobot/SIK_Circuit_5C-AutonomousRobot.ino"},"position":{"line":4,"character":77}}}
>>>
Content-Length: 38

{"id":3,"result":null,"jsonrpc":"2.0"}
<<<
Content-Length: 236

{"jsonrpc":"2.0","id":4,"method":"textDocument/hover","params":{"textDocument":{"uri":"file:///Users/lalit/Desktop/Coding/Arduino/SIK_Circuit_5C-AutonomousRobot/SIK_Circuit_5C-AutonomousRobot.ino"},"position":{"line":4,"character":77}}}
>>>
Content-Length: 38

{"id":4,"result":null,"jsonrpc":"2.0"}
<<<
Content-Length: 58

{"jsonrpc":"2.0","id":5,"method":"shutdown","params":null}
>>>
Content-Length: 38

{"id":5,"result":null,"jsonrpc":"2.0"}
<<<
Content-Length: 47

{"jsonrpc":"2.0","method":"exit","params":null}






Started logging.

<<<
Content-Length: 3133

{"jsonrpc":"2.0","id":0,"method":"initialize","params":{"processId":25385,"clientInfo":{"name":"vscode","version":"1.50.0"},"rootPath":"/Users/lalit/Desktop/Coding/Arduino/SIK_Circuit_5C-AutonomousRobot","rootUri":"file:///Users/lalit/Desktop/Coding/Arduino/SIK_Circuit_5C-AutonomousRobot","capabilities":{"workspace":{"applyEdit":true,"workspaceEdit":{"documentChanges":true,"resourceOperations":["create","rename","delete"],"failureHandling":"textOnlyTransactional"},"didChangeConfiguration":{"dynamicRegistration":true},"didChangeWatchedFiles":{"dynamicRegistration":true},"symbol":{"dynamicRegistration":true,"symbolKind":{"valueSet":[1,2,3,4,5,6,7,8,9,10,11,12,13,14,15,16,17,18,19,20,21,22,23,24,25,26]}},"executeCommand":{"dynamicRegistration":true},"configuration":true,"workspaceFolders":true},"textDocument":{"publishDiagnostics":{"relatedInformation":true,"versionSupport":false,"tagSupport":{"valueSet":[1,2]}},"synchronization":{"dynamicRegistration":true,"willSave":true,"willSaveWaitUntil":true,"didSave":true},"completion":{"dynamicRegistration":true,"contextSupport":true,"completionItem":{"snippetSupport":true,"commitCharactersSupport":true,"documentationFormat":["markdown","plaintext"],"deprecatedSupport":true,"preselectSupport":true,"tagSupport":{"valueSet":[1]}},"completionItemKind":{"valueSet":[1,2,3,4,5,6,7,8,9,10,11,12,13,14,15,16,17,18,19,20,21,22,23,24,25]}},"hover":{"dynamicRegistration":true,"contentFormat":["markdown","plaintext"]},"signatureHelp":{"dynamicRegistration":true,"signatureInformation":{"documentationFormat":["markdown","plaintext"],"parameterInformation":{"labelOffsetSupport":true}},"contextSupport":true},"definition":{"dynamicRegistration":true,"linkSupport":true},"references":{"dynamicRegistration":true},"documentHighlight":{"dynamicRegistration":true},"documentSymbol":{"dynamicRegistration":true,"symbolKind":{"valueSet":[1,2,3,4,5,6,7,8,9,10,11,12,13,14,15,16,17,18,19,20,21,22,23,24,25,26]},"hierarchicalDocumentSymbolSupport":true},"codeAction":{"dynamicRegistration":true,"isPreferredSupport":true,"codeActionLiteralSupport":{"codeActionKind":{"valueSet":["","quickfix","refactor","refactor.extract","refactor.inline","refactor.rewrite","source","source.organizeImports"]}}},"codeLens":{"dynamicRegistration":true},"formatting":{"dynamicRegistration":true},"rangeFormatting":{"dynamicRegistration":true},"onTypeFormatting":{"dynamicRegistration":true},"rename":{"dynamicRegistration":true,"prepareSupport":true},"documentLink":{"dynamicRegistration":true,"tooltipSupport":true},"typeDefinition":{"dynamicRegistration":true,"linkSupport":true},"implementation":{"dynamicRegistration":true,"linkSupport":true},"colorProvider":{"dynamicRegistration":true},"foldingRange":{"dynamicRegistration":true,"rangeLimit":5000,"lineFoldingOnly":true},"declaration":{"dynamicRegistration":true,"linkSupport":true},"selectionRange":{"dynamicRegistration":true}},"window":{"workDoneProgress":true}},"initializationOptions":{},"trace":"off","workspaceFolders":[{"uri":"file:///Users/lalit/Desktop/Coding/Arduino/SIK_Circuit_5C-AutonomousRobot","name":"SIK_Circuit_5C-AutonomousRobot"}]}}
>>>
Content-Length: 598

{"id":0,"result":{"capabilities":{"textDocumentSync":2,"hoverProvider":true,"completionProvider":{"triggerCharacters":[".","\u003e",":"]},"signatureHelpProvider":{"triggerCharacters":["(",","]},"definitionProvider":true,"documentHighlightProvider":true,"documentSymbolProvider":true,"workspaceSymbolProvider":true,"codeActionProvider":true,"documentFormattingProvider":true,"documentRangeFormattingProvider":true,"documentOnTypeFormattingProvider":{"firstTriggerCharacter":"\n"},"renameProvider":false,"executeCommandProvider":{"commands":["clangd.applyFix","clangd.applyTweak"]}}},"jsonrpc":"2.0"}
<<<
Content-Length: 52

{"jsonrpc":"2.0","method":"initialized","params":{}}Content-Length: 7283

{"jsonrpc":"2.0","method":"textDocument/didOpen","params":{"textDocument":{"uri":"file:///Users/lalit/Desktop/Coding/Arduino/SIK_Circuit_5C-AutonomousRobot/SIK_Circuit_5C-AutonomousRobot.ino","languageId":"cpp","version":1,"text":"/*\n  SparkFun Inventor’s Kit\n  Circuit 5C - Autonomous Robot\n\n  This robot will drive around on its own and react to obstacles by backing up and turning to a new direction.\n  This sketch was adapted from one of the activities in the SparkFun Guide to Arduino.\n  Check out the rest of the book at\n  https://www.sparkfun.com/products/14326\n\n  This sketch was written by SparkFun Electronics, with lots of help from the Arduino community.\n  This code is completely free for any use.\n\n  View circuit diagram and instructions at: https://learn.sparkfun.com/tutorials/sparkfun-inventors-kit-experiment-guide---v41\n  Download drawings and code at: https://github.com/sparkfun/SIK-Guide-Code\n*/\n\n\n\n//the right motor will be controlled by the motor A pins on the motor driver\nconst int AIN1 = 13;           //control pin 1 on the motor driver for the right motor\nconst int AIN2 = 12;            //control pin 2 on the motor driver for the right motor\nconst int PWMA = 11;            //speed control pin on the motor driver for the right motor\n\n//the left motor will be controlled by the motor B pins on the motor driver\nconst int PWMB = 10;           //speed control pin on the motor driver for the left motor\nconst int BIN2 = 9;           //control pin 2 on the motor driver for the left motor\nconst int BIN1 = 8;           //control pin 1 on the motor driver for the left motor\n\n\n//distance variables\nconst int trigPin = 6;\nconst int echoPin = 5;\n\nint switchPin = 7;             //switch to turn the robot on and off\n\nfloat distance = 0;            //variable to store the distance measured by the distance sensor\n\n//robot behaviour variables\nint backupTime = 300;           //amount of time that the robot will back up when it senses an object\nint turnTime = 200;             //amount that the robot will turn once it has backed up\n\n/********************************************************************************/\nvoid setup()\n{\n  pinMode(trigPin, OUTPUT);       //this pin will send ultrasonic pulses out from the distance sensor\n  pinMode(echoPin, INPUT);        //this pin will sense when the pulses reflect back to the distance sensor\n\n  pinMode(switchPin, INPUT_PULLUP);   //set this as a pullup to sense whether the switch is flipped\n\n\n  //set the motor control pins as outputs\n  pinMode(AIN1, OUTPUT);\n  pinMode(AIN2, OUTPUT);\n  pinMode(PWMA, OUTPUT);\n\n  pinMode(BIN1, OUTPUT);\n  pinMode(BIN2, OUTPUT);\n  pinMode(PWMB, OUTPUT);\n\n  Serial.begin(9600);                       //begin serial communication with the computer\n  Serial.print(\"To infinity and beyond!\");  //test the serial connection\n}\n\n/********************************************************************************/\nvoid loop()\n{\n  //DETECT THE DISTANCE READ BY THE DISTANCE SENSOR\n  distance = getDistance();\n\n  Serial.print(\"Distance: \");\n  Serial.print(distance);\n  Serial.println(\" in\");              // print the units\n\n  if (digitalRead(switchPin) == LOW) { //if the on switch is flipped\n\n    if (distance < 10) {              //if an object is detected\n      //back up and turn\n      Serial.print(\" \");\n      Serial.print(\"BACK!\");\n\n      //stop for a moment\n      rightMotor(0);\n      leftMotor(0);\n      delay(200);\n\n      //back up\n      rightMotor(-255);\n      leftMotor(-255);\n      delay(backupTime);\n\n      //turn away from obstacle\n      rightMotor(255);\n      leftMotor(-255);\n      delay(turnTime);\n\n    } else {                        //if no obstacle is detected drive forward\n      Serial.print(\" \");\n      Serial.print(\"Moving...\");\n\n\n      rightMotor(255);\n      leftMotor(255);\n    }\n  } else {                        //if the switch is off then stop\n\n    //stop the motors\n    rightMotor(0);\n    leftMotor(0);\n  }\n\n  delay(50);                      //wait 50 milliseconds between readings\n}\n\n/********************************************************************************/\nvoid rightMotor(int motorSpeed)                       //function for driving the right motor\n{\n  if (motorSpeed > 0)                                 //if the motor should drive forward (positive speed)\n  {\n    digitalWrite(AIN1, HIGH);                         //set pin 1 to high\n    digitalWrite(AIN2, LOW);                          //set pin 2 to low\n  }\n  else if (motorSpeed < 0)                            //if the motor should drive backward (negative speed)\n  {\n    digitalWrite(AIN1, LOW);                          //set pin 1 to low\n    digitalWrite(AIN2, HIGH);                         //set pin 2 to high\n  }\n  else                                                //if the motor should stop\n  {\n    digitalWrite(AIN1, LOW);                          //set pin 1 to low\n    digitalWrite(AIN2, LOW);                          //set pin 2 to low\n  }\n  analogWrite(PWMA, abs(motorSpeed));                 //now that the motor direction is set, drive it at the entered speed\n}\n\n/********************************************************************************/\nvoid leftMotor(int motorSpeed)                        //function for driving the left motor\n{\n  if (motorSpeed > 0)                                 //if the motor should drive forward (positive speed)\n  {\n    digitalWrite(BIN1, HIGH);                         //set pin 1 to high\n    digitalWrite(BIN2, LOW);                          //set pin 2 to low\n  }\n  else if (motorSpeed < 0)                            //if the motor should drive backward (negative speed)\n  {\n    digitalWrite(BIN1, LOW);                          //set pin 1 to low\n    digitalWrite(BIN2, HIGH);                         //set pin 2 to high\n  }\n  else                                                //if the motor should stop\n  {\n    digitalWrite(BIN1, LOW);                          //set pin 1 to low\n    digitalWrite(BIN2, LOW);                          //set pin 2 to low\n  }\n  analogWrite(PWMB, abs(motorSpeed));                 //now that the motor direction is set, drive it at the entered speed\n}\n\n/********************************************************************************/\n//RETURNS THE DISTANCE MEASURED BY THE HC-SR04 DISTANCE SENSOR\nfloat getDistance()\n{\n  float echoTime;                   //variable to store the time it takes for a ping to bounce off an object\n  float calculatedDistance;         //variable to store the distance calculated from the echo time\n\n  //send out an ultrasonic pulse that's 10ms long\n  digitalWrite(trigPin, HIGH);\n  delayMicroseconds(10);\n  digitalWrite(trigPin, LOW);\n\n  echoTime = pulseIn(echoPin, HIGH);      //use the pulsein command to see how long it takes for the\n                                          //pulse to bounce back to the sensor\n\n  calculatedDistance = echoTime / 148.0;  //calculate the distance of the object that reflected the pulse (half the bounce time multiplied by the speed of sound)\n\n  return calculatedDistance;              //send back the distance that was calculated\n}\n\n"}}}Content-Length: 307

{"jsonrpc":"2.0","id":1,"method":"textDocument/codeAction","params":{"textDocument":{"uri":"file:///Users/lalit/Desktop/Coding/Arduino/SIK_Circuit_5C-AutonomousRobot/SIK_Circuit_5C-AutonomousRobot.ino"},"range":{"start":{"line":0,"character":0},"end":{"line":0,"character":0}},"context":{"diagnostics":[]}}}
>>>
Content-Length: 111

{"method":"window/workDoneProgress/create","params":{"token":"backgroundIndexProgress"},"id":0,"jsonrpc":"2.0"}Content-Length: 36

{"id":1,"result":[],"jsonrpc":"2.0"}
<<<
Content-Length: 38

{"jsonrpc":"2.0","id":0,"result":null}
>>>
Content-Length: 143

{"method":"$/progress","params":{"token":"backgroundIndexProgress","value":{"title":"indexing","percentage":0,"kind":"begin"}},"jsonrpc":"2.0"}Content-Length: 159

{"method":"$/progress","params":{"token":"backgroundIndexProgress","value":{"message":"1/27","percentage":3.7037037037037037,"kind":"report"}},"jsonrpc":"2.0"}Content-Length: 158

{"method":"$/progress","params":{"token":"backgroundIndexProgress","value":{"message":"2/27","percentage":7.407407407407407,"kind":"report"}},"jsonrpc":"2.0"}Content-Length: 158

{"method":"$/progress","params":{"token":"backgroundIndexProgress","value":{"message":"3/27","percentage":11.11111111111111,"kind":"report"}},"jsonrpc":"2.0"}Content-Length: 158

{"method":"$/progress","params":{"token":"backgroundIndexProgress","value":{"message":"3/27","percentage":11.11111111111111,"kind":"report"}},"jsonrpc":"2.0"}Content-Length: 159

{"method":"$/progress","params":{"token":"backgroundIndexProgress","value":{"message":"4/27","percentage":14.814814814814815,"kind":"report"}},"jsonrpc":"2.0"}Content-Length: 159

{"method":"$/progress","params":{"token":"backgroundIndexProgress","value":{"message":"4/27","percentage":14.814814814814815,"kind":"report"}},"jsonrpc":"2.0"}Content-Length: 158

{"method":"$/progress","params":{"token":"backgroundIndexProgress","value":{"message":"5/27","percentage":18.51851851851852,"kind":"report"}},"jsonrpc":"2.0"}Content-Length: 158

{"method":"$/progress","params":{"token":"backgroundIndexProgress","value":{"message":"5/27","percentage":18.51851851851852,"kind":"report"}},"jsonrpc":"2.0"}Content-Length: 158

{"method":"$/progress","params":{"token":"backgroundIndexProgress","value":{"message":"6/27","percentage":22.22222222222222,"kind":"report"}},"jsonrpc":"2.0"}Content-Length: 159

{"method":"$/progress","params":{"token":"backgroundIndexProgress","value":{"message":"7/27","percentage":25.925925925925927,"kind":"report"}},"jsonrpc":"2.0"}Content-Length: 158

{"method":"$/progress","params":{"token":"backgroundIndexProgress","value":{"message":"8/27","percentage":29.62962962962963,"kind":"report"}},"jsonrpc":"2.0"}Content-Length: 159

{"method":"$/progress","params":{"token":"backgroundIndexProgress","value":{"message":"9/27","percentage":33.333333333333336,"kind":"report"}},"jsonrpc":"2.0"}Content-Length: 159

{"method":"$/progress","params":{"token":"backgroundIndexProgress","value":{"message":"9/27","percentage":33.333333333333336,"kind":"report"}},"jsonrpc":"2.0"}Content-Length: 159

{"method":"$/progress","params":{"token":"backgroundIndexProgress","value":{"message":"10/27","percentage":37.03703703703704,"kind":"report"}},"jsonrpc":"2.0"}Content-Length: 159

{"method":"$/progress","params":{"token":"backgroundIndexProgress","value":{"message":"11/27","percentage":40.74074074074074,"kind":"report"}},"jsonrpc":"2.0"}Content-Length: 159

{"method":"$/progress","params":{"token":"backgroundIndexProgress","value":{"message":"12/27","percentage":44.44444444444444,"kind":"report"}},"jsonrpc":"2.0"}Content-Length: 159

{"method":"$/progress","params":{"token":"backgroundIndexProgress","value":{"message":"12/27","percentage":44.44444444444444,"kind":"report"}},"jsonrpc":"2.0"}Content-Length: 160

{"method":"$/progress","params":{"token":"backgroundIndexProgress","value":{"message":"13/27","percentage":48.148148148148145,"kind":"report"}},"jsonrpc":"2.0"}Content-Length: 160

{"method":"$/progress","params":{"token":"backgroundIndexProgress","value":{"message":"13/27","percentage":48.148148148148145,"kind":"report"}},"jsonrpc":"2.0"}Content-Length: 160

{"method":"$/progress","params":{"token":"backgroundIndexProgress","value":{"message":"14/27","percentage":51.851851851851855,"kind":"report"}},"jsonrpc":"2.0"}Content-Length: 160

{"method":"$/progress","params":{"token":"backgroundIndexProgress","value":{"message":"14/27","percentage":51.851851851851855,"kind":"report"}},"jsonrpc":"2.0"}Content-Length: 159

{"method":"$/progress","params":{"token":"backgroundIndexProgress","value":{"message":"15/27","percentage":55.55555555555556,"kind":"report"}},"jsonrpc":"2.0"}Content-Length: 159

{"method":"$/progress","params":{"token":"backgroundIndexProgress","value":{"message":"15/27","percentage":55.55555555555556,"kind":"report"}},"jsonrpc":"2.0"}Content-Length: 159

{"method":"$/progress","params":{"token":"backgroundIndexProgress","value":{"message":"16/27","percentage":59.25925925925926,"kind":"report"}},"jsonrpc":"2.0"}Content-Length: 159

{"method":"$/progress","params":{"token":"backgroundIndexProgress","value":{"message":"16/27","percentage":59.25925925925926,"kind":"report"}},"jsonrpc":"2.0"}Content-Length: 159

{"method":"$/progress","params":{"token":"backgroundIndexProgress","value":{"message":"17/27","percentage":62.96296296296296,"kind":"report"}},"jsonrpc":"2.0"}Content-Length: 159

{"method":"$/progress","params":{"token":"backgroundIndexProgress","value":{"message":"17/27","percentage":62.96296296296296,"kind":"report"}},"jsonrpc":"2.0"}Content-Length: 159

{"method":"$/progress","params":{"token":"backgroundIndexProgress","value":{"message":"18/27","percentage":66.66666666666667,"kind":"report"}},"jsonrpc":"2.0"}Content-Length: 159

{"method":"$/progress","params":{"token":"backgroundIndexProgress","value":{"message":"19/27","percentage":70.37037037037037,"kind":"report"}},"jsonrpc":"2.0"}Content-Length: 159

{"method":"$/progress","params":{"token":"backgroundIndexProgress","value":{"message":"20/27","percentage":74.07407407407408,"kind":"report"}},"jsonrpc":"2.0"}Content-Length: 159

{"method":"$/progress","params":{"token":"backgroundIndexProgress","value":{"message":"21/27","percentage":77.77777777777777,"kind":"report"}},"jsonrpc":"2.0"}Content-Length: 159

{"method":"$/progress","params":{"token":"backgroundIndexProgress","value":{"message":"22/27","percentage":81.48148148148148,"kind":"report"}},"jsonrpc":"2.0"}Content-Length: 159

{"method":"$/progress","params":{"token":"backgroundIndexProgress","value":{"message":"23/27","percentage":85.18518518518519,"kind":"report"}},"jsonrpc":"2.0"}Content-Length: 159

{"method":"$/progress","params":{"token":"backgroundIndexProgress","value":{"message":"24/27","percentage":88.88888888888889,"kind":"report"}},"jsonrpc":"2.0"}Content-Length: 158

{"method":"$/progress","params":{"token":"backgroundIndexProgress","value":{"message":"25/27","percentage":92.5925925925926,"kind":"report"}},"jsonrpc":"2.0"}Content-Length: 159

{"method":"$/progress","params":{"token":"backgroundIndexProgress","value":{"message":"26/27","percentage":96.29629629629629,"kind":"report"}},"jsonrpc":"2.0"}Content-Length: 107

{"method":"$/progress","params":{"token":"backgroundIndexProgress","value":{"kind":"end"}},"jsonrpc":"2.0"}
<<<
Content-Length: 58

{"jsonrpc":"2.0","id":2,"method":"shutdown","params":null}
>>>
Content-Length: 38

{"id":2,"result":null,"jsonrpc":"2.0"}
<<<
Content-Length: 47

{"jsonrpc":"2.0","method":"exit","params":null}